11:51:27.883 [main] INFO  org.testng.internal.Utils - [TestNG] Running:
  C:\Users\ASUS\AppData\Local\JetBrains\IdeaIC2025.1\temp-testng-customsuite.xml

11:51:32.941 [main] INFO  testCases.TC001_AccountRegistrationTest - **** Starting TC001_AccountRegistrationTest TestCase ****
11:51:33.111 [main] INFO  testCases.TC001_AccountRegistrationTest - Clicked on my Account link...
11:51:33.677 [main] INFO  testCases.TC001_AccountRegistrationTest - Clicked on my Register link...
11:51:33.677 [main] INFO  testCases.TC001_AccountRegistrationTest - Entering customer details...
11:51:35.683 [main] INFO  testCases.TC001_AccountRegistrationTest - Validating account creation...
11:51:35.763 [main] INFO  testCases.TC001_AccountRegistrationTest - **** Finished TC001_AccountRegistrationTest TestCase ****
12:01:45.069 [main] INFO  org.testng.internal.Utils - [TestNG] Running:
  C:\Users\ASUS\AppData\Local\JetBrains\IdeaIC2025.1\temp-testng-customsuite.xml

12:01:48.229 [main] INFO  testCases.TC001_AccountRegistrationTest - **** Starting TC001_AccountRegistrationTest TestCase ****
12:01:48.369 [main] INFO  testCases.TC001_AccountRegistrationTest - Clicked on my Account link...
12:01:48.779 [main] INFO  testCases.TC001_AccountRegistrationTest - Clicked on my Register link...
12:01:48.779 [main] INFO  testCases.TC001_AccountRegistrationTest - Entering customer details...
12:01:50.583 [main] INFO  testCases.TC001_AccountRegistrationTest - Validating account creation...
12:01:50.629 [main] ERROR testCases.TC001_AccountRegistrationTest - TestCase Failed...
12:17:27.104 [main] DEBUG org.testng.TestNG - suiteXmlPath: "E:\Testing\TestingSelenium\Project_OpenCart\master.xml"
12:17:27.493 [main] INFO  org.testng.internal.Utils - [TestNG] Running:
  E:\Testing\TestingSelenium\Project_OpenCart\master.xml

12:17:33.844 [main] INFO  testCases.TC001_AccountRegistrationTest - **** Starting TC001_AccountRegistrationTest TestCase ****
12:17:34.051 [main] INFO  testCases.TC001_AccountRegistrationTest - Clicked on my Account link...
12:17:34.561 [main] INFO  testCases.TC001_AccountRegistrationTest - Clicked on my Register link...
12:17:34.561 [main] INFO  testCases.TC001_AccountRegistrationTest - Entering customer details...
12:17:36.382 [main] INFO  testCases.TC001_AccountRegistrationTest - Validating account creation...
12:17:36.439 [main] INFO  testCases.TC001_AccountRegistrationTest - **** Finished TC001_AccountRegistrationTest TestCase ****
09:14:13.666 [main] DEBUG org.testng.TestNG - suiteXmlPath: "E:\Testing\TestingSelenium\Project_OpenCart\master.xml"
09:14:14.036 [main] INFO  org.testng.internal.Utils - [TestNG] Running:
  E:\Testing\TestingSelenium\Project_OpenCart\master.xml

09:14:36.576 [main] DEBUG org.testng.TestNG - suiteXmlPath: "E:\Testing\TestingSelenium\Project_OpenCart\master.xml"
09:14:36.965 [main] INFO  org.testng.internal.Utils - [TestNG] Running:
  E:\Testing\TestingSelenium\Project_OpenCart\master.xml

09:18:13.543 [main] DEBUG org.testng.TestNG - suiteXmlPath: "E:\Testing\TestingSelenium\Project_OpenCart\master.xml"
09:18:13.913 [main] INFO  org.testng.internal.Utils - [TestNG] Running:
  E:\Testing\TestingSelenium\Project_OpenCart\master.xml

09:20:02.182 [main] DEBUG org.testng.TestNG - suiteXmlPath: "E:\Testing\TestingSelenium\Project_OpenCart\master.xml"
09:20:02.542 [main] INFO  org.testng.internal.Utils - [TestNG] Running:
  E:\Testing\TestingSelenium\Project_OpenCart\master.xml

09:20:53.798 [main] DEBUG org.testng.TestNG - suiteXmlPath: "E:\Testing\TestingSelenium\Project_OpenCart\crossBrowserParallel.xml"
09:20:54.168 [main] INFO  org.testng.internal.Utils - [TestNG] Running:
  E:\Testing\TestingSelenium\Project_OpenCart\crossBrowserParallel.xml

09:21:55.550 [main] DEBUG org.testng.TestNG - suiteXmlPath: "E:\Testing\TestingSelenium\Project_OpenCart\master.xml"
09:21:55.904 [main] INFO  org.testng.internal.Utils - [TestNG] Running:
  E:\Testing\TestingSelenium\Project_OpenCart\master.xml

09:26:01.380 [main] DEBUG org.testng.TestNG - suiteXmlPath: "E:\Testing\TestingSelenium\Project_OpenCart\master.xml"
09:26:01.745 [main] INFO  org.testng.internal.Utils - [TestNG] Running:
  E:\Testing\TestingSelenium\Project_OpenCart\master.xml

09:26:42.054 [main] DEBUG org.testng.TestNG - suiteXmlPath: "E:\Testing\TestingSelenium\Project_OpenCart\master.xml"
09:26:42.381 [main] INFO  org.testng.internal.Utils - [TestNG] Running:
  E:\Testing\TestingSelenium\Project_OpenCart\master.xml

09:26:45.403 [main] INFO  testCases.TC002_LoginTest - *** Starting TC002_LoginTest ***
09:26:45.809 [main] INFO  testCases.TC002_LoginTest - Entering email ans password
09:26:46.168 [main] INFO  testCases.TC002_LoginTest - Validating My Account
09:30:05.319 [main] DEBUG org.testng.TestNG - suiteXmlPath: "E:\Testing\TestingSelenium\Project_OpenCart\master.xml"
09:30:05.699 [main] INFO  org.testng.internal.Utils - [TestNG] Running:
  E:\Testing\TestingSelenium\Project_OpenCart\master.xml

09:31:16.088 [main] DEBUG org.testng.TestNG - suiteXmlPath: "E:\Testing\TestingSelenium\Project_OpenCart\master.xml"
09:31:16.442 [main] INFO  org.testng.internal.Utils - [TestNG] Running:
  E:\Testing\TestingSelenium\Project_OpenCart\master.xml

09:33:23.003 [main] DEBUG org.testng.TestNG - suiteXmlPath: "E:\Testing\TestingSelenium\Project_OpenCart\master.xml"
09:33:23.354 [main] INFO  org.testng.internal.Utils - [TestNG] Running:
  E:\Testing\TestingSelenium\Project_OpenCart\master.xml

09:33:26.792 [main] INFO  testCases.TC002_LoginTest - *** Starting TC002_LoginTest ***
09:33:27.220 [main] INFO  testCases.TC002_LoginTest - Entering email ans password
09:33:27.606 [main] INFO  testCases.TC002_LoginTest - Validating My Account
09:34:17.964 [main] DEBUG org.testng.TestNG - suiteXmlPath: "E:\Testing\TestingSelenium\Project_OpenCart\master.xml"
09:34:18.357 [main] INFO  org.testng.internal.Utils - [TestNG] Running:
  E:\Testing\TestingSelenium\Project_OpenCart\master.xml

09:34:21.361 [main] INFO  testCases.TC002_LoginTest - *** Starting TC002_LoginTest ***
09:34:21.790 [main] INFO  testCases.TC002_LoginTest - Entering email ans password
09:34:22.146 [main] INFO  testCases.TC002_LoginTest - Validating My Account
09:36:58.638 [main] DEBUG org.testng.TestNG - suiteXmlPath: "E:\Testing\TestingSelenium\Project_OpenCart\master.xml"
09:36:59.003 [main] INFO  org.testng.internal.Utils - [TestNG] Running:
  E:\Testing\TestingSelenium\Project_OpenCart\master.xml

09:37:02.169 [main] INFO  testCases.TC002_LoginTest - *** Starting TC002_LoginTest ***
09:37:02.636 [main] INFO  testCases.TC002_LoginTest - Entering email ans password
09:37:03.882 [main] INFO  testCases.TC002_LoginTest - Validating My Account
09:37:35.122 [main] DEBUG org.testng.TestNG - suiteXmlPath: "E:\Testing\TestingSelenium\Project_OpenCart\master.xml"
09:37:35.473 [main] INFO  org.testng.internal.Utils - [TestNG] Running:
  E:\Testing\TestingSelenium\Project_OpenCart\master.xml

09:37:38.398 [main] INFO  testCases.TC002_LoginTest - *** Starting TC002_LoginTest ***
09:37:38.824 [main] INFO  testCases.TC002_LoginTest - Entering email ans password
09:37:42.214 [main] INFO  testCases.TC002_LoginTest - Validating My Account
09:41:05.721 [main] DEBUG org.testng.TestNG - suiteXmlPath: "E:\Testing\TestingSelenium\Project_OpenCart\master.xml"
09:41:06.084 [main] INFO  org.testng.internal.Utils - [TestNG] Running:
  E:\Testing\TestingSelenium\Project_OpenCart\master.xml

09:41:09.212 [main] INFO  testCases.TC002_LoginTest - *** Starting TC002_LoginTest ***
09:41:09.630 [main] INFO  testCases.TC002_LoginTest - Entering email ans password
09:41:09.992 [main] INFO  testCases.TC002_LoginTest - Validating My Account
09:41:10.778 [main] INFO  testCases.TC002_LoginTest - *** Finished TC002_LoginTest ***
09:42:05.731 [main] DEBUG org.testng.TestNG - suiteXmlPath: "E:\Testing\TestingSelenium\Project_OpenCart\master.xml"
09:42:06.105 [main] INFO  org.testng.internal.Utils - [TestNG] Running:
  E:\Testing\TestingSelenium\Project_OpenCart\master.xml

09:42:09.406 [main] INFO  testCases.TC002_LoginTest - *** Starting TC002_LoginTest ***
09:42:09.869 [main] INFO  testCases.TC002_LoginTest - Entering email ans password
09:42:10.926 [main] INFO  testCases.TC002_LoginTest - Validating My Account
09:42:10.994 [main] INFO  testCases.TC002_LoginTest - *** Finished TC002_LoginTest ***
09:49:08.890 [main] DEBUG org.testng.TestNG - suiteXmlPath: "E:\Testing\TestingSelenium\Project_OpenCart\master.xml"
09:49:09.245 [main] INFO  org.testng.internal.Utils - [TestNG] Running:
  E:\Testing\TestingSelenium\Project_OpenCart\master.xml

09:49:12.462 [main] INFO  testCases.TC002_LoginTest - *** Starting TC002_LoginTest ***
09:49:12.880 [main] INFO  testCases.TC002_LoginTest - Entering email ans password
09:49:13.246 [main] INFO  testCases.TC002_LoginTest - Validating My Account
09:49:14.406 [main] INFO  testCases.TC002_LoginTest - *** Finished TC002_LoginTest ***
11:21:53.574 [main] DEBUG org.testng.TestNG - suiteXmlPath: "E:\Testing\TestingSelenium\Project_OpenCart\master.xml"
11:21:53.892 [main] INFO  org.testng.internal.Utils - [TestNG] Running:
  E:\Testing\TestingSelenium\Project_OpenCart\master.xml

11:21:58.284 [main] DEBUG org.apache.poi.openxml4j.opc.PackageRelationshipCollection - Parsing relationship: /xl/_rels/workbook.xml.rels
11:21:58.286 [main] DEBUG org.apache.poi.openxml4j.opc.PackageRelationshipCollection - Parsing relationship: /xl/worksheets/_rels/sheet1.xml.rels
11:21:58.295 [main] DEBUG org.apache.poi.openxml4j.opc.PackageRelationshipCollection - Parsing relationship: /_rels/.rels
11:21:58.995 [main] DEBUG org.apache.poi.ooxml.POIXMLFactory - using default POIXMLDocumentPart for http://schemas.openxmlformats.org/officeDocument/2006/relationships/printerSettings
11:21:59.183 [main] DEBUG org.apache.poi.openxml4j.opc.PackageRelationshipCollection - Parsing relationship: /xl/_rels/workbook.xml.rels
11:21:59.183 [main] DEBUG org.apache.poi.openxml4j.opc.PackageRelationshipCollection - Parsing relationship: /xl/worksheets/_rels/sheet1.xml.rels
11:21:59.189 [main] DEBUG org.apache.poi.openxml4j.opc.PackageRelationshipCollection - Parsing relationship: /_rels/.rels
11:21:59.215 [main] DEBUG org.apache.poi.ooxml.POIXMLFactory - using default POIXMLDocumentPart for http://schemas.openxmlformats.org/officeDocument/2006/relationships/printerSettings
11:21:59.240 [main] DEBUG org.apache.poi.openxml4j.opc.PackageRelationshipCollection - Parsing relationship: /xl/_rels/workbook.xml.rels
11:21:59.242 [main] DEBUG org.apache.poi.openxml4j.opc.PackageRelationshipCollection - Parsing relationship: /xl/worksheets/_rels/sheet1.xml.rels
11:21:59.245 [main] DEBUG org.apache.poi.openxml4j.opc.PackageRelationshipCollection - Parsing relationship: /_rels/.rels
11:21:59.267 [main] DEBUG org.apache.poi.ooxml.POIXMLFactory - using default POIXMLDocumentPart for http://schemas.openxmlformats.org/officeDocument/2006/relationships/printerSettings
11:21:59.323 [main] DEBUG org.apache.poi.openxml4j.opc.PackageRelationshipCollection - Parsing relationship: /xl/_rels/workbook.xml.rels
11:21:59.326 [main] DEBUG org.apache.poi.openxml4j.opc.PackageRelationshipCollection - Parsing relationship: /xl/worksheets/_rels/sheet1.xml.rels
11:21:59.330 [main] DEBUG org.apache.poi.openxml4j.opc.PackageRelationshipCollection - Parsing relationship: /_rels/.rels
11:21:59.362 [main] DEBUG org.apache.poi.ooxml.POIXMLFactory - using default POIXMLDocumentPart for http://schemas.openxmlformats.org/officeDocument/2006/relationships/printerSettings
11:21:59.395 [main] DEBUG org.apache.poi.openxml4j.opc.PackageRelationshipCollection - Parsing relationship: /xl/_rels/workbook.xml.rels
11:21:59.397 [main] DEBUG org.apache.poi.openxml4j.opc.PackageRelationshipCollection - Parsing relationship: /xl/worksheets/_rels/sheet1.xml.rels
11:21:59.406 [main] DEBUG org.apache.poi.openxml4j.opc.PackageRelationshipCollection - Parsing relationship: /_rels/.rels
11:21:59.427 [main] DEBUG org.apache.poi.ooxml.POIXMLFactory - using default POIXMLDocumentPart for http://schemas.openxmlformats.org/officeDocument/2006/relationships/printerSettings
11:21:59.451 [main] DEBUG org.apache.poi.openxml4j.opc.PackageRelationshipCollection - Parsing relationship: /xl/_rels/workbook.xml.rels
11:21:59.451 [main] DEBUG org.apache.poi.openxml4j.opc.PackageRelationshipCollection - Parsing relationship: /xl/worksheets/_rels/sheet1.xml.rels
11:21:59.455 [main] DEBUG org.apache.poi.openxml4j.opc.PackageRelationshipCollection - Parsing relationship: /_rels/.rels
11:21:59.474 [main] DEBUG org.apache.poi.ooxml.POIXMLFactory - using default POIXMLDocumentPart for http://schemas.openxmlformats.org/officeDocument/2006/relationships/printerSettings
11:21:59.498 [main] DEBUG org.apache.poi.openxml4j.opc.PackageRelationshipCollection - Parsing relationship: /xl/_rels/workbook.xml.rels
11:21:59.500 [main] DEBUG org.apache.poi.openxml4j.opc.PackageRelationshipCollection - Parsing relationship: /xl/worksheets/_rels/sheet1.xml.rels
11:21:59.500 [main] DEBUG org.apache.poi.openxml4j.opc.PackageRelationshipCollection - Parsing relationship: /_rels/.rels
11:21:59.526 [main] DEBUG org.apache.poi.ooxml.POIXMLFactory - using default POIXMLDocumentPart for http://schemas.openxmlformats.org/officeDocument/2006/relationships/printerSettings
11:21:59.555 [main] DEBUG org.apache.poi.openxml4j.opc.PackageRelationshipCollection - Parsing relationship: /xl/_rels/workbook.xml.rels
11:21:59.557 [main] DEBUG org.apache.poi.openxml4j.opc.PackageRelationshipCollection - Parsing relationship: /xl/worksheets/_rels/sheet1.xml.rels
11:21:59.559 [main] DEBUG org.apache.poi.openxml4j.opc.PackageRelationshipCollection - Parsing relationship: /_rels/.rels
11:21:59.583 [main] DEBUG org.apache.poi.ooxml.POIXMLFactory - using default POIXMLDocumentPart for http://schemas.openxmlformats.org/officeDocument/2006/relationships/printerSettings
11:21:59.609 [main] DEBUG org.apache.poi.openxml4j.opc.PackageRelationshipCollection - Parsing relationship: /xl/_rels/workbook.xml.rels
11:21:59.610 [main] DEBUG org.apache.poi.openxml4j.opc.PackageRelationshipCollection - Parsing relationship: /xl/worksheets/_rels/sheet1.xml.rels
11:21:59.612 [main] DEBUG org.apache.poi.openxml4j.opc.PackageRelationshipCollection - Parsing relationship: /_rels/.rels
11:21:59.628 [main] DEBUG org.apache.poi.ooxml.POIXMLFactory - using default POIXMLDocumentPart for http://schemas.openxmlformats.org/officeDocument/2006/relationships/printerSettings
11:21:59.653 [main] DEBUG org.apache.poi.openxml4j.opc.PackageRelationshipCollection - Parsing relationship: /xl/_rels/workbook.xml.rels
11:21:59.656 [main] DEBUG org.apache.poi.openxml4j.opc.PackageRelationshipCollection - Parsing relationship: /xl/worksheets/_rels/sheet1.xml.rels
11:21:59.658 [main] DEBUG org.apache.poi.openxml4j.opc.PackageRelationshipCollection - Parsing relationship: /_rels/.rels
11:21:59.679 [main] DEBUG org.apache.poi.ooxml.POIXMLFactory - using default POIXMLDocumentPart for http://schemas.openxmlformats.org/officeDocument/2006/relationships/printerSettings
11:21:59.715 [main] DEBUG org.apache.poi.openxml4j.opc.PackageRelationshipCollection - Parsing relationship: /xl/_rels/workbook.xml.rels
11:21:59.716 [main] DEBUG org.apache.poi.openxml4j.opc.PackageRelationshipCollection - Parsing relationship: /xl/worksheets/_rels/sheet1.xml.rels
11:21:59.718 [main] DEBUG org.apache.poi.openxml4j.opc.PackageRelationshipCollection - Parsing relationship: /_rels/.rels
11:21:59.736 [main] DEBUG org.apache.poi.ooxml.POIXMLFactory - using default POIXMLDocumentPart for http://schemas.openxmlformats.org/officeDocument/2006/relationships/printerSettings
11:21:59.755 [main] DEBUG org.apache.poi.openxml4j.opc.PackageRelationshipCollection - Parsing relationship: /xl/_rels/workbook.xml.rels
11:21:59.757 [main] DEBUG org.apache.poi.openxml4j.opc.PackageRelationshipCollection - Parsing relationship: /xl/worksheets/_rels/sheet1.xml.rels
11:21:59.758 [main] DEBUG org.apache.poi.openxml4j.opc.PackageRelationshipCollection - Parsing relationship: /_rels/.rels
11:21:59.769 [main] DEBUG org.apache.poi.ooxml.POIXMLFactory - using default POIXMLDocumentPart for http://schemas.openxmlformats.org/officeDocument/2006/relationships/printerSettings
11:21:59.791 [main] DEBUG org.apache.poi.openxml4j.opc.PackageRelationshipCollection - Parsing relationship: /xl/_rels/workbook.xml.rels
11:21:59.793 [main] DEBUG org.apache.poi.openxml4j.opc.PackageRelationshipCollection - Parsing relationship: /xl/worksheets/_rels/sheet1.xml.rels
11:21:59.794 [main] DEBUG org.apache.poi.openxml4j.opc.PackageRelationshipCollection - Parsing relationship: /_rels/.rels
11:21:59.810 [main] DEBUG org.apache.poi.ooxml.POIXMLFactory - using default POIXMLDocumentPart for http://schemas.openxmlformats.org/officeDocument/2006/relationships/printerSettings
11:21:59.825 [main] DEBUG org.apache.poi.openxml4j.opc.PackageRelationshipCollection - Parsing relationship: /xl/_rels/workbook.xml.rels
11:21:59.827 [main] DEBUG org.apache.poi.openxml4j.opc.PackageRelationshipCollection - Parsing relationship: /xl/worksheets/_rels/sheet1.xml.rels
11:21:59.830 [main] DEBUG org.apache.poi.openxml4j.opc.PackageRelationshipCollection - Parsing relationship: /_rels/.rels
11:21:59.843 [main] DEBUG org.apache.poi.ooxml.POIXMLFactory - using default POIXMLDocumentPart for http://schemas.openxmlformats.org/officeDocument/2006/relationships/printerSettings
11:21:59.863 [main] DEBUG org.apache.poi.openxml4j.opc.PackageRelationshipCollection - Parsing relationship: /xl/_rels/workbook.xml.rels
11:21:59.865 [main] DEBUG org.apache.poi.openxml4j.opc.PackageRelationshipCollection - Parsing relationship: /xl/worksheets/_rels/sheet1.xml.rels
11:21:59.867 [main] DEBUG org.apache.poi.openxml4j.opc.PackageRelationshipCollection - Parsing relationship: /_rels/.rels
11:21:59.880 [main] DEBUG org.apache.poi.ooxml.POIXMLFactory - using default POIXMLDocumentPart for http://schemas.openxmlformats.org/officeDocument/2006/relationships/printerSettings
11:21:59.898 [main] DEBUG org.apache.poi.openxml4j.opc.PackageRelationshipCollection - Parsing relationship: /xl/_rels/workbook.xml.rels
11:21:59.898 [main] DEBUG org.apache.poi.openxml4j.opc.PackageRelationshipCollection - Parsing relationship: /xl/worksheets/_rels/sheet1.xml.rels
11:21:59.900 [main] DEBUG org.apache.poi.openxml4j.opc.PackageRelationshipCollection - Parsing relationship: /_rels/.rels
11:21:59.907 [main] DEBUG org.apache.poi.ooxml.POIXMLFactory - using default POIXMLDocumentPart for http://schemas.openxmlformats.org/officeDocument/2006/relationships/printerSettings
11:21:59.929 [main] DEBUG org.apache.poi.openxml4j.opc.PackageRelationshipCollection - Parsing relationship: /xl/_rels/workbook.xml.rels
11:21:59.929 [main] DEBUG org.apache.poi.openxml4j.opc.PackageRelationshipCollection - Parsing relationship: /xl/worksheets/_rels/sheet1.xml.rels
11:21:59.929 [main] DEBUG org.apache.poi.openxml4j.opc.PackageRelationshipCollection - Parsing relationship: /_rels/.rels
11:21:59.949 [main] DEBUG org.apache.poi.ooxml.POIXMLFactory - using default POIXMLDocumentPart for http://schemas.openxmlformats.org/officeDocument/2006/relationships/printerSettings
11:21:59.965 [main] DEBUG org.apache.poi.openxml4j.opc.PackageRelationshipCollection - Parsing relationship: /xl/_rels/workbook.xml.rels
11:21:59.966 [main] DEBUG org.apache.poi.openxml4j.opc.PackageRelationshipCollection - Parsing relationship: /xl/worksheets/_rels/sheet1.xml.rels
11:21:59.968 [main] DEBUG org.apache.poi.openxml4j.opc.PackageRelationshipCollection - Parsing relationship: /_rels/.rels
11:21:59.980 [main] DEBUG org.apache.poi.ooxml.POIXMLFactory - using default POIXMLDocumentPart for http://schemas.openxmlformats.org/officeDocument/2006/relationships/printerSettings
11:21:59.995 [main] DEBUG org.apache.poi.openxml4j.opc.PackageRelationshipCollection - Parsing relationship: /xl/_rels/workbook.xml.rels
11:21:59.995 [main] DEBUG org.apache.poi.openxml4j.opc.PackageRelationshipCollection - Parsing relationship: /xl/worksheets/_rels/sheet1.xml.rels
11:21:59.999 [main] DEBUG org.apache.poi.openxml4j.opc.PackageRelationshipCollection - Parsing relationship: /_rels/.rels
11:22:00.013 [main] DEBUG org.apache.poi.ooxml.POIXMLFactory - using default POIXMLDocumentPart for http://schemas.openxmlformats.org/officeDocument/2006/relationships/printerSettings
11:22:00.019 [main] DEBUG org.apache.poi.openxml4j.opc.PackageRelationshipCollection - Parsing relationship: /xl/_rels/workbook.xml.rels
11:22:00.033 [main] DEBUG org.apache.poi.openxml4j.opc.PackageRelationshipCollection - Parsing relationship: /xl/worksheets/_rels/sheet1.xml.rels
11:22:00.034 [main] DEBUG org.apache.poi.openxml4j.opc.PackageRelationshipCollection - Parsing relationship: /_rels/.rels
11:22:00.035 [main] DEBUG org.apache.poi.ooxml.POIXMLFactory - using default POIXMLDocumentPart for http://schemas.openxmlformats.org/officeDocument/2006/relationships/printerSettings
11:22:00.073 [main] INFO  testCases.TC003_LoginDDT - *** Starting TC002_LoginTest ***
11:22:02.150 [main] INFO  testCases.TC003_LoginDDT - *** Finished TC003_LoginDDT ***
11:22:02.157 [main] INFO  testCases.TC003_LoginDDT - *** Starting TC002_LoginTest ***
11:22:04.210 [main] INFO  testCases.TC003_LoginDDT - *** Finished TC003_LoginDDT ***
11:22:04.213 [main] INFO  testCases.TC003_LoginDDT - *** Starting TC002_LoginTest ***
11:22:05.961 [main] INFO  testCases.TC003_LoginDDT - *** Finished TC003_LoginDDT ***
11:22:05.962 [main] INFO  testCases.TC003_LoginDDT - *** Starting TC002_LoginTest ***
11:22:17.272 [main] INFO  testCases.TC003_LoginDDT - *** Finished TC003_LoginDDT ***
11:22:17.286 [main] INFO  testCases.TC003_LoginDDT - *** Starting TC002_LoginTest ***
11:22:19.253 [main] INFO  testCases.TC003_LoginDDT - *** Finished TC003_LoginDDT ***
11:22:19.256 [main] INFO  testCases.TC003_LoginDDT - *** Starting TC002_LoginTest ***
11:22:30.577 [main] INFO  testCases.TC003_LoginDDT - *** Finished TC003_LoginDDT ***
11:30:33.797 [main] DEBUG org.testng.TestNG - suiteXmlPath: "E:\Testing\TestingSelenium\Project_OpenCart\master.xml"
11:30:34.097 [main] INFO  org.testng.internal.Utils - [TestNG] Running:
  E:\Testing\TestingSelenium\Project_OpenCart\master.xml

11:30:37.778 [main] DEBUG org.apache.poi.openxml4j.opc.PackageRelationshipCollection - Parsing relationship: /xl/_rels/workbook.xml.rels
11:30:37.783 [main] DEBUG org.apache.poi.openxml4j.opc.PackageRelationshipCollection - Parsing relationship: /xl/worksheets/_rels/sheet1.xml.rels
11:30:37.785 [main] DEBUG org.apache.poi.openxml4j.opc.PackageRelationshipCollection - Parsing relationship: /_rels/.rels
11:30:38.524 [main] DEBUG org.apache.poi.ooxml.POIXMLFactory - using default POIXMLDocumentPart for http://schemas.openxmlformats.org/officeDocument/2006/relationships/printerSettings
11:30:38.674 [main] DEBUG org.apache.poi.openxml4j.opc.PackageRelationshipCollection - Parsing relationship: /xl/_rels/workbook.xml.rels
11:30:38.676 [main] DEBUG org.apache.poi.openxml4j.opc.PackageRelationshipCollection - Parsing relationship: /xl/worksheets/_rels/sheet1.xml.rels
11:30:38.678 [main] DEBUG org.apache.poi.openxml4j.opc.PackageRelationshipCollection - Parsing relationship: /_rels/.rels
11:30:38.705 [main] DEBUG org.apache.poi.ooxml.POIXMLFactory - using default POIXMLDocumentPart for http://schemas.openxmlformats.org/officeDocument/2006/relationships/printerSettings
11:30:38.731 [main] DEBUG org.apache.poi.openxml4j.opc.PackageRelationshipCollection - Parsing relationship: /xl/_rels/workbook.xml.rels
11:30:38.731 [main] DEBUG org.apache.poi.openxml4j.opc.PackageRelationshipCollection - Parsing relationship: /xl/worksheets/_rels/sheet1.xml.rels
11:30:38.734 [main] DEBUG org.apache.poi.openxml4j.opc.PackageRelationshipCollection - Parsing relationship: /_rels/.rels
11:30:38.755 [main] DEBUG org.apache.poi.ooxml.POIXMLFactory - using default POIXMLDocumentPart for http://schemas.openxmlformats.org/officeDocument/2006/relationships/printerSettings
11:30:38.785 [main] DEBUG org.apache.poi.openxml4j.opc.PackageRelationshipCollection - Parsing relationship: /xl/_rels/workbook.xml.rels
11:30:38.785 [main] DEBUG org.apache.poi.openxml4j.opc.PackageRelationshipCollection - Parsing relationship: /xl/worksheets/_rels/sheet1.xml.rels
11:30:38.792 [main] DEBUG org.apache.poi.openxml4j.opc.PackageRelationshipCollection - Parsing relationship: /_rels/.rels
11:30:38.811 [main] DEBUG org.apache.poi.ooxml.POIXMLFactory - using default POIXMLDocumentPart for http://schemas.openxmlformats.org/officeDocument/2006/relationships/printerSettings
11:30:38.834 [main] DEBUG org.apache.poi.openxml4j.opc.PackageRelationshipCollection - Parsing relationship: /xl/_rels/workbook.xml.rels
11:30:38.836 [main] DEBUG org.apache.poi.openxml4j.opc.PackageRelationshipCollection - Parsing relationship: /xl/worksheets/_rels/sheet1.xml.rels
11:30:38.838 [main] DEBUG org.apache.poi.openxml4j.opc.PackageRelationshipCollection - Parsing relationship: /_rels/.rels
11:30:38.854 [main] DEBUG org.apache.poi.ooxml.POIXMLFactory - using default POIXMLDocumentPart for http://schemas.openxmlformats.org/officeDocument/2006/relationships/printerSettings
11:30:38.876 [main] DEBUG org.apache.poi.openxml4j.opc.PackageRelationshipCollection - Parsing relationship: /xl/_rels/workbook.xml.rels
11:30:38.877 [main] DEBUG org.apache.poi.openxml4j.opc.PackageRelationshipCollection - Parsing relationship: /xl/worksheets/_rels/sheet1.xml.rels
11:30:38.879 [main] DEBUG org.apache.poi.openxml4j.opc.PackageRelationshipCollection - Parsing relationship: /_rels/.rels
11:30:38.893 [main] DEBUG org.apache.poi.ooxml.POIXMLFactory - using default POIXMLDocumentPart for http://schemas.openxmlformats.org/officeDocument/2006/relationships/printerSettings
11:30:38.923 [main] DEBUG org.apache.poi.openxml4j.opc.PackageRelationshipCollection - Parsing relationship: /xl/_rels/workbook.xml.rels
11:30:38.928 [main] DEBUG org.apache.poi.openxml4j.opc.PackageRelationshipCollection - Parsing relationship: /xl/worksheets/_rels/sheet1.xml.rels
11:30:38.930 [main] DEBUG org.apache.poi.openxml4j.opc.PackageRelationshipCollection - Parsing relationship: /_rels/.rels
11:30:38.950 [main] DEBUG org.apache.poi.ooxml.POIXMLFactory - using default POIXMLDocumentPart for http://schemas.openxmlformats.org/officeDocument/2006/relationships/printerSettings
11:30:38.971 [main] DEBUG org.apache.poi.openxml4j.opc.PackageRelationshipCollection - Parsing relationship: /xl/_rels/workbook.xml.rels
11:30:38.972 [main] DEBUG org.apache.poi.openxml4j.opc.PackageRelationshipCollection - Parsing relationship: /xl/worksheets/_rels/sheet1.xml.rels
11:30:38.974 [main] DEBUG org.apache.poi.openxml4j.opc.PackageRelationshipCollection - Parsing relationship: /_rels/.rels
11:30:38.991 [main] DEBUG org.apache.poi.ooxml.POIXMLFactory - using default POIXMLDocumentPart for http://schemas.openxmlformats.org/officeDocument/2006/relationships/printerSettings
11:30:39.012 [main] DEBUG org.apache.poi.openxml4j.opc.PackageRelationshipCollection - Parsing relationship: /xl/_rels/workbook.xml.rels
11:30:39.014 [main] DEBUG org.apache.poi.openxml4j.opc.PackageRelationshipCollection - Parsing relationship: /xl/worksheets/_rels/sheet1.xml.rels
11:30:39.016 [main] DEBUG org.apache.poi.openxml4j.opc.PackageRelationshipCollection - Parsing relationship: /_rels/.rels
11:30:39.035 [main] DEBUG org.apache.poi.ooxml.POIXMLFactory - using default POIXMLDocumentPart for http://schemas.openxmlformats.org/officeDocument/2006/relationships/printerSettings
11:30:39.068 [main] DEBUG org.apache.poi.openxml4j.opc.PackageRelationshipCollection - Parsing relationship: /xl/_rels/workbook.xml.rels
11:30:39.068 [main] DEBUG org.apache.poi.openxml4j.opc.PackageRelationshipCollection - Parsing relationship: /xl/worksheets/_rels/sheet1.xml.rels
11:30:39.072 [main] DEBUG org.apache.poi.openxml4j.opc.PackageRelationshipCollection - Parsing relationship: /_rels/.rels
11:30:39.088 [main] DEBUG org.apache.poi.ooxml.POIXMLFactory - using default POIXMLDocumentPart for http://schemas.openxmlformats.org/officeDocument/2006/relationships/printerSettings
11:30:39.111 [main] DEBUG org.apache.poi.openxml4j.opc.PackageRelationshipCollection - Parsing relationship: /xl/_rels/workbook.xml.rels
11:30:39.113 [main] DEBUG org.apache.poi.openxml4j.opc.PackageRelationshipCollection - Parsing relationship: /xl/worksheets/_rels/sheet1.xml.rels
11:30:39.115 [main] DEBUG org.apache.poi.openxml4j.opc.PackageRelationshipCollection - Parsing relationship: /_rels/.rels
11:30:39.136 [main] DEBUG org.apache.poi.ooxml.POIXMLFactory - using default POIXMLDocumentPart for http://schemas.openxmlformats.org/officeDocument/2006/relationships/printerSettings
11:30:39.159 [main] DEBUG org.apache.poi.openxml4j.opc.PackageRelationshipCollection - Parsing relationship: /xl/_rels/workbook.xml.rels
11:30:39.161 [main] DEBUG org.apache.poi.openxml4j.opc.PackageRelationshipCollection - Parsing relationship: /xl/worksheets/_rels/sheet1.xml.rels
11:30:39.162 [main] DEBUG org.apache.poi.openxml4j.opc.PackageRelationshipCollection - Parsing relationship: /_rels/.rels
11:30:39.179 [main] DEBUG org.apache.poi.ooxml.POIXMLFactory - using default POIXMLDocumentPart for http://schemas.openxmlformats.org/officeDocument/2006/relationships/printerSettings
11:30:39.209 [main] DEBUG org.apache.poi.openxml4j.opc.PackageRelationshipCollection - Parsing relationship: /xl/_rels/workbook.xml.rels
11:30:39.211 [main] DEBUG org.apache.poi.openxml4j.opc.PackageRelationshipCollection - Parsing relationship: /xl/worksheets/_rels/sheet1.xml.rels
11:30:39.211 [main] DEBUG org.apache.poi.openxml4j.opc.PackageRelationshipCollection - Parsing relationship: /_rels/.rels
11:30:39.230 [main] DEBUG org.apache.poi.ooxml.POIXMLFactory - using default POIXMLDocumentPart for http://schemas.openxmlformats.org/officeDocument/2006/relationships/printerSettings
11:30:39.255 [main] DEBUG org.apache.poi.openxml4j.opc.PackageRelationshipCollection - Parsing relationship: /xl/_rels/workbook.xml.rels
11:30:39.255 [main] DEBUG org.apache.poi.openxml4j.opc.PackageRelationshipCollection - Parsing relationship: /xl/worksheets/_rels/sheet1.xml.rels
11:30:39.258 [main] DEBUG org.apache.poi.openxml4j.opc.PackageRelationshipCollection - Parsing relationship: /_rels/.rels
11:30:39.276 [main] DEBUG org.apache.poi.ooxml.POIXMLFactory - using default POIXMLDocumentPart for http://schemas.openxmlformats.org/officeDocument/2006/relationships/printerSettings
11:30:39.312 [main] DEBUG org.apache.poi.openxml4j.opc.PackageRelationshipCollection - Parsing relationship: /xl/_rels/workbook.xml.rels
11:30:39.313 [main] DEBUG org.apache.poi.openxml4j.opc.PackageRelationshipCollection - Parsing relationship: /xl/worksheets/_rels/sheet1.xml.rels
11:30:39.316 [main] DEBUG org.apache.poi.openxml4j.opc.PackageRelationshipCollection - Parsing relationship: /_rels/.rels
11:30:39.336 [main] DEBUG org.apache.poi.ooxml.POIXMLFactory - using default POIXMLDocumentPart for http://schemas.openxmlformats.org/officeDocument/2006/relationships/printerSettings
11:30:39.357 [main] DEBUG org.apache.poi.openxml4j.opc.PackageRelationshipCollection - Parsing relationship: /xl/_rels/workbook.xml.rels
11:30:39.359 [main] DEBUG org.apache.poi.openxml4j.opc.PackageRelationshipCollection - Parsing relationship: /xl/worksheets/_rels/sheet1.xml.rels
11:30:39.361 [main] DEBUG org.apache.poi.openxml4j.opc.PackageRelationshipCollection - Parsing relationship: /_rels/.rels
11:30:39.374 [main] DEBUG org.apache.poi.ooxml.POIXMLFactory - using default POIXMLDocumentPart for http://schemas.openxmlformats.org/officeDocument/2006/relationships/printerSettings
11:30:39.392 [main] DEBUG org.apache.poi.openxml4j.opc.PackageRelationshipCollection - Parsing relationship: /xl/_rels/workbook.xml.rels
11:30:39.394 [main] DEBUG org.apache.poi.openxml4j.opc.PackageRelationshipCollection - Parsing relationship: /xl/worksheets/_rels/sheet1.xml.rels
11:30:39.396 [main] DEBUG org.apache.poi.openxml4j.opc.PackageRelationshipCollection - Parsing relationship: /_rels/.rels
11:30:39.411 [main] DEBUG org.apache.poi.ooxml.POIXMLFactory - using default POIXMLDocumentPart for http://schemas.openxmlformats.org/officeDocument/2006/relationships/printerSettings
11:30:39.442 [main] INFO  testCases.TC003_LoginDDT - *** Starting TC002_LoginTest ***
11:30:42.383 [main] INFO  testCases.TC003_LoginDDT - *** Finished TC003_LoginDDT ***
11:30:42.391 [main] INFO  testCases.TC003_LoginDDT - *** Starting TC002_LoginTest ***
11:30:45.290 [main] INFO  testCases.TC003_LoginDDT - *** Finished TC003_LoginDDT ***
11:30:45.294 [main] INFO  testCases.TC003_LoginDDT - *** Starting TC002_LoginTest ***
11:30:47.283 [main] INFO  testCases.TC003_LoginDDT - *** Finished TC003_LoginDDT ***
11:30:47.285 [main] INFO  testCases.TC003_LoginDDT - *** Starting TC002_LoginTest ***
11:30:58.922 [main] INFO  testCases.TC003_LoginDDT - *** Finished TC003_LoginDDT ***
11:30:58.922 [main] INFO  testCases.TC003_LoginDDT - *** Starting TC002_LoginTest ***
11:31:01.300 [main] INFO  testCases.TC003_LoginDDT - *** Finished TC003_LoginDDT ***
11:31:01.301 [main] INFO  testCases.TC003_LoginDDT - *** Starting TC002_LoginTest ***
11:32:40.850 [main] DEBUG org.testng.TestNG - suiteXmlPath: "E:\Testing\TestingSelenium\Project_OpenCart\master.xml"
11:32:41.150 [main] INFO  org.testng.internal.Utils - [TestNG] Running:
  E:\Testing\TestingSelenium\Project_OpenCart\master.xml

11:32:44.298 [main] DEBUG org.apache.poi.openxml4j.opc.PackageRelationshipCollection - Parsing relationship: /xl/_rels/workbook.xml.rels
11:32:44.306 [main] DEBUG org.apache.poi.openxml4j.opc.PackageRelationshipCollection - Parsing relationship: /xl/worksheets/_rels/sheet1.xml.rels
11:32:44.310 [main] DEBUG org.apache.poi.openxml4j.opc.PackageRelationshipCollection - Parsing relationship: /_rels/.rels
11:32:44.912 [main] DEBUG org.apache.poi.ooxml.POIXMLFactory - using default POIXMLDocumentPart for http://schemas.openxmlformats.org/officeDocument/2006/relationships/printerSettings
11:32:45.077 [main] DEBUG org.apache.poi.openxml4j.opc.PackageRelationshipCollection - Parsing relationship: /xl/_rels/workbook.xml.rels
11:32:45.077 [main] DEBUG org.apache.poi.openxml4j.opc.PackageRelationshipCollection - Parsing relationship: /xl/worksheets/_rels/sheet1.xml.rels
11:32:45.077 [main] DEBUG org.apache.poi.openxml4j.opc.PackageRelationshipCollection - Parsing relationship: /_rels/.rels
11:32:45.108 [main] DEBUG org.apache.poi.ooxml.POIXMLFactory - using default POIXMLDocumentPart for http://schemas.openxmlformats.org/officeDocument/2006/relationships/printerSettings
11:32:45.124 [main] DEBUG org.apache.poi.openxml4j.opc.PackageRelationshipCollection - Parsing relationship: /xl/_rels/workbook.xml.rels
11:32:45.124 [main] DEBUG org.apache.poi.openxml4j.opc.PackageRelationshipCollection - Parsing relationship: /xl/worksheets/_rels/sheet1.xml.rels
11:32:45.141 [main] DEBUG org.apache.poi.openxml4j.opc.PackageRelationshipCollection - Parsing relationship: /_rels/.rels
11:32:45.156 [main] DEBUG org.apache.poi.ooxml.POIXMLFactory - using default POIXMLDocumentPart for http://schemas.openxmlformats.org/officeDocument/2006/relationships/printerSettings
11:32:45.195 [main] DEBUG org.apache.poi.openxml4j.opc.PackageRelationshipCollection - Parsing relationship: /xl/_rels/workbook.xml.rels
11:32:45.203 [main] DEBUG org.apache.poi.openxml4j.opc.PackageRelationshipCollection - Parsing relationship: /xl/worksheets/_rels/sheet1.xml.rels
11:32:45.203 [main] DEBUG org.apache.poi.openxml4j.opc.PackageRelationshipCollection - Parsing relationship: /_rels/.rels
11:32:45.223 [main] DEBUG org.apache.poi.ooxml.POIXMLFactory - using default POIXMLDocumentPart for http://schemas.openxmlformats.org/officeDocument/2006/relationships/printerSettings
11:32:45.238 [main] DEBUG org.apache.poi.openxml4j.opc.PackageRelationshipCollection - Parsing relationship: /xl/_rels/workbook.xml.rels
11:32:45.250 [main] DEBUG org.apache.poi.openxml4j.opc.PackageRelationshipCollection - Parsing relationship: /xl/worksheets/_rels/sheet1.xml.rels
11:32:45.252 [main] DEBUG org.apache.poi.openxml4j.opc.PackageRelationshipCollection - Parsing relationship: /_rels/.rels
11:32:45.271 [main] DEBUG org.apache.poi.ooxml.POIXMLFactory - using default POIXMLDocumentPart for http://schemas.openxmlformats.org/officeDocument/2006/relationships/printerSettings
11:32:45.291 [main] DEBUG org.apache.poi.openxml4j.opc.PackageRelationshipCollection - Parsing relationship: /xl/_rels/workbook.xml.rels
11:32:45.291 [main] DEBUG org.apache.poi.openxml4j.opc.PackageRelationshipCollection - Parsing relationship: /xl/worksheets/_rels/sheet1.xml.rels
11:32:45.297 [main] DEBUG org.apache.poi.openxml4j.opc.PackageRelationshipCollection - Parsing relationship: /_rels/.rels
11:32:45.315 [main] DEBUG org.apache.poi.ooxml.POIXMLFactory - using default POIXMLDocumentPart for http://schemas.openxmlformats.org/officeDocument/2006/relationships/printerSettings
11:32:45.337 [main] DEBUG org.apache.poi.openxml4j.opc.PackageRelationshipCollection - Parsing relationship: /xl/_rels/workbook.xml.rels
11:32:45.339 [main] DEBUG org.apache.poi.openxml4j.opc.PackageRelationshipCollection - Parsing relationship: /xl/worksheets/_rels/sheet1.xml.rels
11:32:45.341 [main] DEBUG org.apache.poi.openxml4j.opc.PackageRelationshipCollection - Parsing relationship: /_rels/.rels
11:32:45.366 [main] DEBUG org.apache.poi.ooxml.POIXMLFactory - using default POIXMLDocumentPart for http://schemas.openxmlformats.org/officeDocument/2006/relationships/printerSettings
11:32:45.410 [main] DEBUG org.apache.poi.openxml4j.opc.PackageRelationshipCollection - Parsing relationship: /xl/_rels/workbook.xml.rels
11:32:45.412 [main] DEBUG org.apache.poi.openxml4j.opc.PackageRelationshipCollection - Parsing relationship: /xl/worksheets/_rels/sheet1.xml.rels
11:32:45.415 [main] DEBUG org.apache.poi.openxml4j.opc.PackageRelationshipCollection - Parsing relationship: /_rels/.rels
11:32:45.436 [main] DEBUG org.apache.poi.ooxml.POIXMLFactory - using default POIXMLDocumentPart for http://schemas.openxmlformats.org/officeDocument/2006/relationships/printerSettings
11:32:45.466 [main] DEBUG org.apache.poi.openxml4j.opc.PackageRelationshipCollection - Parsing relationship: /xl/_rels/workbook.xml.rels
11:32:45.468 [main] DEBUG org.apache.poi.openxml4j.opc.PackageRelationshipCollection - Parsing relationship: /xl/worksheets/_rels/sheet1.xml.rels
11:32:45.472 [main] DEBUG org.apache.poi.openxml4j.opc.PackageRelationshipCollection - Parsing relationship: /_rels/.rels
11:32:45.497 [main] DEBUG org.apache.poi.ooxml.POIXMLFactory - using default POIXMLDocumentPart for http://schemas.openxmlformats.org/officeDocument/2006/relationships/printerSettings
11:32:45.524 [main] DEBUG org.apache.poi.openxml4j.opc.PackageRelationshipCollection - Parsing relationship: /xl/_rels/workbook.xml.rels
11:32:45.526 [main] DEBUG org.apache.poi.openxml4j.opc.PackageRelationshipCollection - Parsing relationship: /xl/worksheets/_rels/sheet1.xml.rels
11:32:45.528 [main] DEBUG org.apache.poi.openxml4j.opc.PackageRelationshipCollection - Parsing relationship: /_rels/.rels
11:32:45.558 [main] DEBUG org.apache.poi.ooxml.POIXMLFactory - using default POIXMLDocumentPart for http://schemas.openxmlformats.org/officeDocument/2006/relationships/printerSettings
11:32:45.579 [main] DEBUG org.apache.poi.openxml4j.opc.PackageRelationshipCollection - Parsing relationship: /xl/_rels/workbook.xml.rels
11:32:45.581 [main] DEBUG org.apache.poi.openxml4j.opc.PackageRelationshipCollection - Parsing relationship: /xl/worksheets/_rels/sheet1.xml.rels
11:32:45.583 [main] DEBUG org.apache.poi.openxml4j.opc.PackageRelationshipCollection - Parsing relationship: /_rels/.rels
11:32:45.601 [main] DEBUG org.apache.poi.ooxml.POIXMLFactory - using default POIXMLDocumentPart for http://schemas.openxmlformats.org/officeDocument/2006/relationships/printerSettings
11:32:45.625 [main] DEBUG org.apache.poi.openxml4j.opc.PackageRelationshipCollection - Parsing relationship: /xl/_rels/workbook.xml.rels
11:32:45.627 [main] DEBUG org.apache.poi.openxml4j.opc.PackageRelationshipCollection - Parsing relationship: /xl/worksheets/_rels/sheet1.xml.rels
11:32:45.629 [main] DEBUG org.apache.poi.openxml4j.opc.PackageRelationshipCollection - Parsing relationship: /_rels/.rels
11:32:45.647 [main] DEBUG org.apache.poi.ooxml.POIXMLFactory - using default POIXMLDocumentPart for http://schemas.openxmlformats.org/officeDocument/2006/relationships/printerSettings
11:32:45.670 [main] DEBUG org.apache.poi.openxml4j.opc.PackageRelationshipCollection - Parsing relationship: /xl/_rels/workbook.xml.rels
11:32:45.672 [main] DEBUG org.apache.poi.openxml4j.opc.PackageRelationshipCollection - Parsing relationship: /xl/worksheets/_rels/sheet1.xml.rels
11:32:45.674 [main] DEBUG org.apache.poi.openxml4j.opc.PackageRelationshipCollection - Parsing relationship: /_rels/.rels
11:32:45.690 [main] DEBUG org.apache.poi.ooxml.POIXMLFactory - using default POIXMLDocumentPart for http://schemas.openxmlformats.org/officeDocument/2006/relationships/printerSettings
11:32:45.714 [main] DEBUG org.apache.poi.openxml4j.opc.PackageRelationshipCollection - Parsing relationship: /xl/_rels/workbook.xml.rels
11:32:45.716 [main] DEBUG org.apache.poi.openxml4j.opc.PackageRelationshipCollection - Parsing relationship: /xl/worksheets/_rels/sheet1.xml.rels
11:32:45.718 [main] DEBUG org.apache.poi.openxml4j.opc.PackageRelationshipCollection - Parsing relationship: /_rels/.rels
11:32:45.734 [main] DEBUG org.apache.poi.ooxml.POIXMLFactory - using default POIXMLDocumentPart for http://schemas.openxmlformats.org/officeDocument/2006/relationships/printerSettings
11:32:45.754 [main] DEBUG org.apache.poi.openxml4j.opc.PackageRelationshipCollection - Parsing relationship: /xl/_rels/workbook.xml.rels
11:32:45.757 [main] DEBUG org.apache.poi.openxml4j.opc.PackageRelationshipCollection - Parsing relationship: /xl/worksheets/_rels/sheet1.xml.rels
11:32:45.759 [main] DEBUG org.apache.poi.openxml4j.opc.PackageRelationshipCollection - Parsing relationship: /_rels/.rels
11:32:45.775 [main] DEBUG org.apache.poi.ooxml.POIXMLFactory - using default POIXMLDocumentPart for http://schemas.openxmlformats.org/officeDocument/2006/relationships/printerSettings
11:32:45.801 [main] DEBUG org.apache.poi.openxml4j.opc.PackageRelationshipCollection - Parsing relationship: /xl/_rels/workbook.xml.rels
11:32:45.803 [main] DEBUG org.apache.poi.openxml4j.opc.PackageRelationshipCollection - Parsing relationship: /xl/worksheets/_rels/sheet1.xml.rels
11:32:45.805 [main] DEBUG org.apache.poi.openxml4j.opc.PackageRelationshipCollection - Parsing relationship: /_rels/.rels
11:32:45.820 [main] DEBUG org.apache.poi.ooxml.POIXMLFactory - using default POIXMLDocumentPart for http://schemas.openxmlformats.org/officeDocument/2006/relationships/printerSettings
11:32:45.843 [main] DEBUG org.apache.poi.openxml4j.opc.PackageRelationshipCollection - Parsing relationship: /xl/_rels/workbook.xml.rels
11:32:45.844 [main] DEBUG org.apache.poi.openxml4j.opc.PackageRelationshipCollection - Parsing relationship: /xl/worksheets/_rels/sheet1.xml.rels
11:32:45.847 [main] DEBUG org.apache.poi.openxml4j.opc.PackageRelationshipCollection - Parsing relationship: /_rels/.rels
11:32:45.858 [main] DEBUG org.apache.poi.ooxml.POIXMLFactory - using default POIXMLDocumentPart for http://schemas.openxmlformats.org/officeDocument/2006/relationships/printerSettings
11:32:45.882 [main] DEBUG org.apache.poi.openxml4j.opc.PackageRelationshipCollection - Parsing relationship: /xl/_rels/workbook.xml.rels
11:32:45.882 [main] DEBUG org.apache.poi.openxml4j.opc.PackageRelationshipCollection - Parsing relationship: /xl/worksheets/_rels/sheet1.xml.rels
11:32:45.884 [main] DEBUG org.apache.poi.openxml4j.opc.PackageRelationshipCollection - Parsing relationship: /_rels/.rels
11:32:45.898 [main] DEBUG org.apache.poi.ooxml.POIXMLFactory - using default POIXMLDocumentPart for http://schemas.openxmlformats.org/officeDocument/2006/relationships/printerSettings
11:32:45.914 [main] DEBUG org.apache.poi.openxml4j.opc.PackageRelationshipCollection - Parsing relationship: /xl/_rels/workbook.xml.rels
11:32:45.917 [main] DEBUG org.apache.poi.openxml4j.opc.PackageRelationshipCollection - Parsing relationship: /xl/worksheets/_rels/sheet1.xml.rels
11:32:45.919 [main] DEBUG org.apache.poi.openxml4j.opc.PackageRelationshipCollection - Parsing relationship: /_rels/.rels
11:32:45.933 [main] DEBUG org.apache.poi.ooxml.POIXMLFactory - using default POIXMLDocumentPart for http://schemas.openxmlformats.org/officeDocument/2006/relationships/printerSettings
11:32:45.953 [main] DEBUG org.apache.poi.openxml4j.opc.PackageRelationshipCollection - Parsing relationship: /xl/_rels/workbook.xml.rels
11:32:45.955 [main] DEBUG org.apache.poi.openxml4j.opc.PackageRelationshipCollection - Parsing relationship: /xl/worksheets/_rels/sheet1.xml.rels
11:32:45.957 [main] DEBUG org.apache.poi.openxml4j.opc.PackageRelationshipCollection - Parsing relationship: /_rels/.rels
11:32:45.971 [main] DEBUG org.apache.poi.ooxml.POIXMLFactory - using default POIXMLDocumentPart for http://schemas.openxmlformats.org/officeDocument/2006/relationships/printerSettings
11:32:46.008 [main] INFO  testCases.TC003_LoginDDT - *** Starting TC002_LoginTest ***
11:32:48.124 [main] INFO  testCases.TC003_LoginDDT - *** Finished TC003_LoginDDT ***
11:32:48.129 [main] INFO  testCases.TC003_LoginDDT - *** Starting TC002_LoginTest ***
11:32:49.926 [main] INFO  testCases.TC003_LoginDDT - *** Finished TC003_LoginDDT ***
11:32:49.930 [main] INFO  testCases.TC003_LoginDDT - *** Starting TC002_LoginTest ***
11:32:52.135 [main] INFO  testCases.TC003_LoginDDT - *** Finished TC003_LoginDDT ***
11:32:52.137 [main] INFO  testCases.TC003_LoginDDT - *** Starting TC002_LoginTest ***
11:33:03.611 [main] INFO  testCases.TC003_LoginDDT - *** Finished TC003_LoginDDT ***
11:33:03.616 [main] INFO  testCases.TC003_LoginDDT - *** Starting TC002_LoginTest ***
11:33:05.562 [main] INFO  testCases.TC003_LoginDDT - *** Finished TC003_LoginDDT ***
11:33:05.563 [main] INFO  testCases.TC003_LoginDDT - *** Starting TC002_LoginTest ***
11:33:16.155 [main] INFO  testCases.TC003_LoginDDT - *** Finished TC003_LoginDDT ***
10:44:26.368 [main] DEBUG org.testng.TestNG - suiteXmlPath: "E:\Testing\TestingSelenium\Project_OpenCart\grouping.xml"
10:44:26.727 [main] INFO  org.testng.internal.Utils - [TestNG] Running:
  E:\Testing\TestingSelenium\Project_OpenCart\grouping.xml

10:44:31.887 [main] INFO  testCases.TC001_AccountRegistrationTest - **** Starting TC001_AccountRegistrationTest TestCase ****
10:44:32.021 [main] INFO  testCases.TC001_AccountRegistrationTest - Clicked on my Account link...
10:44:32.531 [main] INFO  testCases.TC001_AccountRegistrationTest - Clicked on my Register link...
10:44:32.531 [main] INFO  testCases.TC001_AccountRegistrationTest - Entering customer details...
10:44:34.186 [main] INFO  testCases.TC001_AccountRegistrationTest - Validating account creation...
10:44:34.243 [main] INFO  testCases.TC001_AccountRegistrationTest - **** Finished TC001_AccountRegistrationTest TestCase ****
10:44:36.414 [main] INFO  testCases.TC002_LoginTest - *** Starting TC002_LoginTest ***
10:44:36.812 [main] INFO  testCases.TC002_LoginTest - Entering email ans password
10:44:37.156 [main] INFO  testCases.TC002_LoginTest - Validating My Account
10:44:38.020 [main] INFO  testCases.TC002_LoginTest - *** Finished TC002_LoginTest ***
10:46:57.904 [main] DEBUG org.testng.TestNG - suiteXmlPath: "E:\Testing\TestingSelenium\Project_OpenCart\grouping.xml"
10:46:58.267 [main] INFO  org.testng.internal.Utils - [TestNG] Running:
  E:\Testing\TestingSelenium\Project_OpenCart\grouping.xml

10:47:42.391 [main] DEBUG org.testng.TestNG - suiteXmlPath: "E:\Testing\TestingSelenium\Project_OpenCart\grouping.xml"
10:47:42.751 [main] INFO  org.testng.internal.Utils - [TestNG] Running:
  E:\Testing\TestingSelenium\Project_OpenCart\grouping.xml

10:48:04.620 [main] DEBUG org.testng.TestNG - suiteXmlPath: "E:\Testing\TestingSelenium\Project_OpenCart\grouping.xml"
10:48:04.990 [main] INFO  org.testng.internal.Utils - [TestNG] Running:
  E:\Testing\TestingSelenium\Project_OpenCart\grouping.xml

10:48:08.127 [main] INFO  testCases.TC001_AccountRegistrationTest - **** Starting TC001_AccountRegistrationTest TestCase ****
10:48:08.255 [main] INFO  testCases.TC001_AccountRegistrationTest - Clicked on my Account link...
10:48:08.666 [main] INFO  testCases.TC001_AccountRegistrationTest - Clicked on my Register link...
10:48:08.666 [main] INFO  testCases.TC001_AccountRegistrationTest - Entering customer details...
10:48:10.555 [main] INFO  testCases.TC001_AccountRegistrationTest - Validating account creation...
10:48:10.614 [main] INFO  testCases.TC001_AccountRegistrationTest - **** Finished TC001_AccountRegistrationTest TestCase ****
10:48:12.810 [main] INFO  testCases.TC002_LoginTest - *** Starting TC002_LoginTest ***
10:48:13.223 [main] INFO  testCases.TC002_LoginTest - Entering email ans password
10:48:13.583 [main] INFO  testCases.TC002_LoginTest - Validating My Account
10:48:14.517 [main] INFO  testCases.TC002_LoginTest - *** Finished TC002_LoginTest ***
10:48:39.503 [main] DEBUG org.testng.TestNG - suiteXmlPath: "E:\Testing\TestingSelenium\Project_OpenCart\grouping.xml"
10:48:39.904 [main] INFO  org.testng.internal.Utils - [TestNG] Running:
  E:\Testing\TestingSelenium\Project_OpenCart\grouping.xml

10:48:42.911 [main] INFO  testCases.TC001_AccountRegistrationTest - **** Starting TC001_AccountRegistrationTest TestCase ****
10:48:43.048 [main] INFO  testCases.TC001_AccountRegistrationTest - Clicked on my Account link...
