10:39:55.105 [main] INFO  testCases.TC001_AccountRegistrationTest - Clicked on my Account link...
10:39:55.661 [main] INFO  testCases.TC001_AccountRegistrationTest - Clicked on my Register link...
10:39:55.661 [main] INFO  testCases.TC001_AccountRegistrationTest - Entering customer details...
10:39:58.387 [main] INFO  testCases.TC001_AccountRegistrationTest - Validating account creation...
10:39:58.444 [main] INFO  testCases.TC001_AccountRegistrationTest - **** Finished TC001_AccountRegistrationTest TestCase ****
10:40:01.919 [main] INFO  testCases.TC002_LoginTest - *** Starting TC002_LoginTest ***
10:40:03.155 [main] INFO  testCases.TC002_LoginTest - Entering email ans password
10:40:05.150 [main] INFO  testCases.TC002_LoginTest - Validating My Account
10:40:05.214 [main] INFO  testCases.TC002_LoginTest - *** Finished TC002_LoginTest ***
10:40:07.875 [main] INFO  testCases.TC001_AccountRegistrationTest - **** Starting TC001_AccountRegistrationTest TestCase ****
10:47:16.027 [main] DEBUG org.testng.TestNG - suiteXmlPath: "E:\Testing\TestingSelenium_codes\Project_OpenCart\grid-docker.xml"
10:47:16.455 [main] INFO  org.testng.internal.Utils - [TestNG] Running:
  E:\Testing\TestingSelenium_codes\Project_OpenCart\grid-docker.xml

10:47:19.241 [main] INFO  testCases.TC001_AccountRegistrationTest - **** Starting TC001_AccountRegistrationTest TestCase ****
10:53:21.635 [main] DEBUG org.testng.TestNG - suiteXmlPath: "E:\Testing\TestingSelenium_codes\Project_OpenCart\grid-docker.xml"
10:53:22.091 [main] INFO  org.testng.internal.Utils - [TestNG] Running:
  E:\Testing\TestingSelenium_codes\Project_OpenCart\grid-docker.xml

10:55:44.543 [main] DEBUG org.testng.TestNG - suiteXmlPath: "E:\Testing\TestingSelenium_codes\Project_OpenCart\grid-docker.xml"
10:55:44.969 [main] INFO  org.testng.internal.Utils - [TestNG] Running:
  E:\Testing\TestingSelenium_codes\Project_OpenCart\grid-docker.xml

10:55:49.010 [main] INFO  testCases.TC001_AccountRegistrationTest - **** Starting TC001_AccountRegistrationTest TestCase ****
10:55:49.211 [main] INFO  testCases.TC001_AccountRegistrationTest - Clicked on my Account link...
10:55:49.772 [main] INFO  testCases.TC001_AccountRegistrationTest - Clicked on my Register link...
10:55:49.772 [main] INFO  testCases.TC001_AccountRegistrationTest - Entering customer details...
10:55:52.576 [main] INFO  testCases.TC001_AccountRegistrationTest - Validating account creation...
10:55:52.641 [main] INFO  testCases.TC001_AccountRegistrationTest - **** Finished TC001_AccountRegistrationTest TestCase ****
10:55:55.686 [main] INFO  testCases.TC002_LoginTest - *** Starting TC002_LoginTest ***
10:55:56.208 [main] INFO  testCases.TC002_LoginTest - Entering email ans password
10:55:56.608 [main] INFO  testCases.TC002_LoginTest - Validating My Account
10:55:58.331 [main] INFO  testCases.TC002_LoginTest - *** Finished TC002_LoginTest ***
10:57:05.643 [main] INFO  testCases.TC001_AccountRegistrationTest - **** Starting TC001_AccountRegistrationTest TestCase ****
10:57:06.268 [main] INFO  testCases.TC001_AccountRegistrationTest - Clicked on my Account link...
10:57:07.047 [main] INFO  testCases.TC001_AccountRegistrationTest - Clicked on my Register link...
10:57:07.047 [main] INFO  testCases.TC001_AccountRegistrationTest - Entering customer details...
10:57:09.740 [main] INFO  testCases.TC001_AccountRegistrationTest - Validating account creation...
10:57:09.772 [main] INFO  testCases.TC001_AccountRegistrationTest - **** Finished TC001_AccountRegistrationTest TestCase ****
10:57:18.535 [main] INFO  testCases.TC002_LoginTest - *** Starting TC002_LoginTest ***
10:57:19.191 [main] INFO  testCases.TC002_LoginTest - Entering email ans password
10:57:21.228 [main] INFO  testCases.TC002_LoginTest - Validating My Account
10:57:21.266 [main] INFO  testCases.TC002_LoginTest - *** Finished TC002_LoginTest ***
11:03:13.180 [main] DEBUG org.testng.TestNG - suiteXmlPath: "E:\Testing\TestingSelenium_codes\Project_OpenCart\grid-docker.xml"
11:03:13.648 [main] INFO  org.testng.internal.Utils - [TestNG] Running:
  E:\Testing\TestingSelenium_codes\Project_OpenCart\grid-docker.xml

11:03:17.737 [main] INFO  testCases.TC001_AccountRegistrationTest - **** Starting TC001_AccountRegistrationTest TestCase ****
11:03:17.965 [main] INFO  testCases.TC001_AccountRegistrationTest - Clicked on my Account link...
11:03:18.513 [main] INFO  testCases.TC001_AccountRegistrationTest - Clicked on my Register link...
11:03:18.513 [main] INFO  testCases.TC001_AccountRegistrationTest - Entering customer details...
11:03:21.631 [main] INFO  testCases.TC001_AccountRegistrationTest - Validating account creation...
11:03:21.707 [main] INFO  testCases.TC001_AccountRegistrationTest - **** Finished TC001_AccountRegistrationTest TestCase ****
11:03:24.730 [main] INFO  testCases.TC002_LoginTest - *** Starting TC002_LoginTest ***
11:03:25.306 [main] INFO  testCases.TC002_LoginTest - Entering email ans password
11:03:25.785 [main] INFO  testCases.TC002_LoginTest - Validating My Account
11:03:27.232 [main] INFO  testCases.TC002_LoginTest - *** Finished TC002_LoginTest ***
11:05:19.646 [main] DEBUG org.testng.TestNG - suiteXmlPath: "C:\Users\ASUS\AppData\Local\JetBrains\IdeaIC2025.1\temp-testng-customsuite.xml"
11:05:20.074 [main] INFO  org.testng.internal.Utils - [TestNG] Running:
  C:\Users\ASUS\AppData\Local\JetBrains\IdeaIC2025.1\temp-testng-customsuite.xml

11:05:55.034 [main] DEBUG org.testng.TestNG - suiteXmlPath: "E:\Testing\TestingSelenium_codes\Project_OpenCart\grid-docker.xml"
11:05:55.493 [main] INFO  org.testng.internal.Utils - [TestNG] Running:
  E:\Testing\TestingSelenium_codes\Project_OpenCart\grid-docker.xml

11:05:59.592 [main] INFO  testCases.TC001_AccountRegistrationTest - **** Starting TC001_AccountRegistrationTest TestCase ****
11:05:59.823 [main] INFO  testCases.TC001_AccountRegistrationTest - Clicked on my Account link...
11:06:00.469 [main] INFO  testCases.TC001_AccountRegistrationTest - Clicked on my Register link...
11:06:00.469 [main] INFO  testCases.TC001_AccountRegistrationTest - Entering customer details...
11:06:03.166 [main] INFO  testCases.TC001_AccountRegistrationTest - Validating account creation...
11:06:03.237 [main] INFO  testCases.TC001_AccountRegistrationTest - **** Finished TC001_AccountRegistrationTest TestCase ****
11:06:06.454 [main] INFO  testCases.TC002_LoginTest - *** Starting TC002_LoginTest ***
11:06:06.969 [main] INFO  testCases.TC002_LoginTest - Entering email ans password
11:06:08.395 [main] INFO  testCases.TC002_LoginTest - Validating My Account
11:06:08.469 [main] INFO  testCases.TC002_LoginTest - *** Finished TC002_LoginTest ***
11:06:20.163 [main] INFO  testCases.TC001_AccountRegistrationTest - **** Starting TC001_AccountRegistrationTest TestCase ****
11:06:20.409 [main] INFO  testCases.TC001_AccountRegistrationTest - Clicked on my Account link...
11:06:21.058 [main] INFO  testCases.TC001_AccountRegistrationTest - Clicked on my Register link...
11:06:21.060 [main] INFO  testCases.TC001_AccountRegistrationTest - Entering customer details...
11:06:22.678 [main] INFO  testCases.TC001_AccountRegistrationTest - Validating account creation...
11:06:22.715 [main] INFO  testCases.TC001_AccountRegistrationTest - **** Finished TC001_AccountRegistrationTest TestCase ****
11:06:32.317 [main] INFO  testCases.TC002_LoginTest - *** Starting TC002_LoginTest ***
11:06:33.066 [main] INFO  testCases.TC002_LoginTest - Entering email ans password
11:06:34.870 [main] INFO  testCases.TC002_LoginTest - Validating My Account
11:06:34.931 [main] INFO  testCases.TC002_LoginTest - *** Finished TC002_LoginTest ***
12:01:58.289 [main] DEBUG org.testng.TestNG - suiteXmlPath: "E:\Testing\TestingSelenium_codes\Project_OpenCart\grid-docker.xml"
12:01:58.961 [main] INFO  org.testng.internal.Utils - [TestNG] Running:
  E:\Testing\TestingSelenium_codes\Project_OpenCart\grid-docker.xml

12:02:05.638 [main] INFO  testCases.TC002_LoginTest - *** Starting TC002_LoginTest ***
12:02:06.217 [main] INFO  testCases.TC002_LoginTest - Entering email ans password
12:02:09.001 [main] INFO  testCases.TC002_LoginTest - Validating My Account
12:02:09.090 [main] INFO  testCases.TC002_LoginTest - *** Finished TC002_LoginTest ***
12:03:57.626 [main] DEBUG org.testng.TestNG - suiteXmlPath: "E:\Testing\TestingSelenium_codes\Project_OpenCart\grid-docker.xml"
12:03:58.211 [main] INFO  org.testng.internal.Utils - [TestNG] Running:
  E:\Testing\TestingSelenium_codes\Project_OpenCart\grid-docker.xml

12:04:09.142 [main] INFO  testCases.TC002_LoginTest - *** Starting TC002_LoginTest ***
12:04:10.035 [main] INFO  testCases.TC002_LoginTest - Entering email ans password
12:04:12.715 [main] INFO  testCases.TC002_LoginTest - Validating My Account
12:04:12.879 [main] INFO  testCases.TC002_LoginTest - *** Finished TC002_LoginTest ***
12:05:26.033 [main] DEBUG org.testng.TestNG - suiteXmlPath: "E:\Testing\TestingSelenium_codes\Project_OpenCart\grid-docker.xml"
12:05:26.488 [main] INFO  org.testng.internal.Utils - [TestNG] Running:
  E:\Testing\TestingSelenium_codes\Project_OpenCart\grid-docker.xml

12:05:33.262 [main] INFO  testCases.TC002_LoginTest - *** Starting TC002_LoginTest ***
12:05:34.271 [main] INFO  testCases.TC002_LoginTest - Entering email ans password
12:05:37.109 [main] INFO  testCases.TC002_LoginTest - Validating My Account
12:05:37.232 [main] INFO  testCases.TC002_LoginTest - *** Finished TC002_LoginTest ***
12:15:48.560 [main] DEBUG org.testng.TestNG - suiteXmlPath: "E:\Testing\TestingSelenium_codes\Project_OpenCart\master.xml"
12:15:49.052 [main] INFO  org.testng.internal.Utils - [TestNG] Running:
  E:\Testing\TestingSelenium_codes\Project_OpenCart\master.xml

12:15:54.638 [main] INFO  testCases.TC002_LoginTest - *** Starting TC002_LoginTest ***
12:15:55.702 [main] INFO  testCases.TC002_LoginTest - Entering email ans password
12:15:56.160 [main] INFO  testCases.TC002_LoginTest - Validating My Account
12:15:58.309 [main] INFO  testCases.TC002_LoginTest - *** Finished TC002_LoginTest ***
12:38:56.273 [main] DEBUG org.testng.TestNG - suiteXmlPath: "E:\Testing\TestingSelenium_codes\Project_OpenCart\master.xml"
12:39:43.392 [main] DEBUG org.testng.TestNG - suiteXmlPath: "E:\Testing\TestingSelenium_codes\Project_OpenCart\master.xml"
12:39:49.286 [main] INFO  testCases.TC002_LoginTest - *** Starting TC002_LoginTest ***
12:39:49.892 [main] INFO  testCases.TC002_LoginTest - Entering email ans password
12:39:50.290 [main] INFO  testCases.TC002_LoginTest - Validating My Account
12:39:52.064 [main] INFO  testCases.TC002_LoginTest - *** Finished TC002_LoginTest ***
12:51:14.828 [main] DEBUG org.testng.TestNG - suiteXmlPath: "E:\Testing\TestingSelenium_codes\Project_OpenCart\master.xml"
12:51:19.567 [main] INFO  testCases.TC002_LoginTest - *** Starting TC002_LoginTest ***
12:51:20.121 [main] INFO  testCases.TC002_LoginTest - Entering email ans password
12:51:22.182 [main] INFO  testCases.TC002_LoginTest - Validating My Account
12:51:22.269 [main] INFO  testCases.TC002_LoginTest - *** Finished TC002_LoginTest ***
12:55:19.646 [main] DEBUG org.testng.TestNG - suiteXmlPath: "E:\Testing\TestingSelenium_codes\Project_OpenCart\master.xml"
12:55:24.135 [main] INFO  testCases.TC002_LoginTest - *** Starting TC002_LoginTest ***
12:55:24.714 [main] INFO  testCases.TC002_LoginTest - Entering email ans password
12:55:25.158 [main] INFO  testCases.TC002_LoginTest - Validating My Account
12:55:27.088 [main] INFO  testCases.TC002_LoginTest - *** Finished TC002_LoginTest ***
16:47:00.338 [main] DEBUG org.testng.TestNG - suiteXmlPath: "E:\Testing\TestingSelenium_codes\Project_OpenCart\grid-docker.xml"
16:47:00.731 [main] INFO  org.testng.internal.Utils - [TestNG] Running:
  E:\Testing\TestingSelenium_codes\Project_OpenCart\grid-docker.xml

16:47:04.800 [main] INFO  testCases.TC002_LoginTest - *** Starting TC002_LoginTest ***
16:47:05.456 [main] INFO  testCases.TC002_LoginTest - Entering email ans password
16:47:05.931 [main] INFO  testCases.TC002_LoginTest - Validating My Account
16:47:07.715 [main] INFO  testCases.TC002_LoginTest - *** Finished TC002_LoginTest ***
16:47:55.904 [main] DEBUG org.testng.TestNG - suiteXmlPath: "E:\Testing\TestingSelenium_codes\Project_OpenCart\grid-docker.xml"
16:47:56.322 [main] INFO  org.testng.internal.Utils - [TestNG] Running:
  E:\Testing\TestingSelenium_codes\Project_OpenCart\grid-docker.xml

16:47:59.931 [main] INFO  testCases.TC002_LoginTest - *** Starting TC002_LoginTest ***
16:48:00.494 [main] INFO  testCases.TC002_LoginTest - Entering email ans password
16:48:00.920 [main] INFO  testCases.TC002_LoginTest - Validating My Account
16:48:02.053 [main] INFO  testCases.TC002_LoginTest - *** Finished TC002_LoginTest ***
16:49:06.298 [main] INFO  testCases.TC001_AccountRegistrationTest - **** Starting TC001_AccountRegistrationTest TestCase ****
16:49:06.905 [main] INFO  testCases.TC001_AccountRegistrationTest - Clicked on my Account link...
16:49:07.557 [main] INFO  testCases.TC001_AccountRegistrationTest - Clicked on my Register link...
16:49:07.559 [main] INFO  testCases.TC001_AccountRegistrationTest - Entering customer details...
16:49:09.899 [main] INFO  testCases.TC001_AccountRegistrationTest - Validating account creation...
16:49:09.943 [main] INFO  testCases.TC001_AccountRegistrationTest - **** Finished TC001_AccountRegistrationTest TestCase ****
16:49:19.027 [main] INFO  testCases.TC002_LoginTest - *** Starting TC002_LoginTest ***
16:49:19.926 [main] INFO  testCases.TC002_LoginTest - Entering email ans password
16:49:23.005 [main] INFO  testCases.TC002_LoginTest - Validating My Account
16:49:23.047 [main] INFO  testCases.TC002_LoginTest - *** Finished TC002_LoginTest ***
